
> tsingkuoproject@0.0.0 start /Users/johnny/Documents/workspace/nodeJS/tsingkuoproject
> node ./bin/www

module.js:440
    throw err;
    ^

Error: Cannot find module 'hexo'
    at Function.Module._resolveFilename (module.js:438:15)
    at Function.Module._load (module.js:386:25)
    at Module.require (module.js:466:17)
    at require (internal/module.js:20:19)
    at Object.<anonymous> (/Users/johnny/Documents/workspace/nodeJS/tsingkuoproject/routes/index.js:2:12)
    at Module._compile (module.js:541:32)
    at Object.Module._extensions..js (module.js:550:10)
    at Module.load (module.js:456:32)
    at tryModuleLoad (module.js:415:12)
    at Function.Module._load (module.js:407:3)

npm ERR! Darwin 16.1.0
npm ERR! argv "/usr/local/bin/node" "/usr/local/bin/npm" "start"
npm ERR! node v6.0.0
npm ERR! npm  v3.8.6
npm ERR! code ELIFECYCLE
npm ERR! tsingkuoproject@0.0.0 start: `node ./bin/www`
npm ERR! Exit status 1
npm ERR! 
npm ERR! Failed at the tsingkuoproject@0.0.0 start script 'node ./bin/www'.
npm ERR! Make sure you have the latest version of node.js and npm installed.
npm ERR! If you do, this is most likely a problem with the tsingkuoproject package,
npm ERR! not with npm itself.
npm ERR! Tell the author that this fails on your system:
npm ERR!     node ./bin/www
npm ERR! You can get information on how to open an issue for this project with:
npm ERR!     npm bugs tsingkuoproject
npm ERR! Or if that isn't available, you can get their info via:
npm ERR!     npm owner ls tsingkuoproject
npm ERR! There is likely additional logging output above.

npm ERR! Please include the following file with any support request:
npm ERR!     /Users/johnny/Documents/workspace/nodeJS/tsingkuoproject/npm-debug.log

> tsingkuoproject@0.0.0 start /Users/johnny/Documents/workspace/nodeJS/tsingkuoproject
> node ./bin/www

module.js:440
    throw err;
    ^

Error: Cannot find module 'hexo'
    at Function.Module._resolveFilename (module.js:438:15)
    at Function.Module._load (module.js:386:25)
    at Module.require (module.js:466:17)
    at require (internal/module.js:20:19)
    at Object.<anonymous> (/Users/johnny/Documents/workspace/nodeJS/tsingkuoproject/routes/index.js:2:12)
    at Module._compile (module.js:541:32)
    at Object.Module._extensions..js (module.js:550:10)
    at Module.load (module.js:456:32)
    at tryModuleLoad (module.js:415:12)
    at Function.Module._load (module.js:407:3)

npm ERR! Darwin 16.1.0
npm ERR! argv "/usr/local/bin/node" "/usr/local/bin/npm" "start"
npm ERR! node v6.0.0
npm ERR! npm  v3.8.6
npm ERR! code ELIFECYCLE
npm ERR! tsingkuoproject@0.0.0 start: `node ./bin/www`
npm ERR! Exit status 1
npm ERR! 
npm ERR! Failed at the tsingkuoproject@0.0.0 start script 'node ./bin/www'.
npm ERR! Make sure you have the latest version of node.js and npm installed.
npm ERR! If you do, this is most likely a problem with the tsingkuoproject package,
npm ERR! not with npm itself.
npm ERR! Tell the author that this fails on your system:
npm ERR!     node ./bin/www
npm ERR! You can get information on how to open an issue for this project with:
npm ERR!     npm bugs tsingkuoproject
npm ERR! Or if that isn't available, you can get their info via:
npm ERR!     npm owner ls tsingkuoproject
npm ERR! There is likely additional logging output above.

npm ERR! Please include the following file with any support request:
npm ERR!     /Users/johnny/Documents/workspace/nodeJS/tsingkuoproject/npm-debug.log

> tsingkuoproject@0.0.0 start /Users/johnny/Documents/workspace/nodeJS/tsingkuoproject
> node ./bin/www

module.js:440
    throw err;
    ^

Error: Cannot find module 'hexo'
    at Function.Module._resolveFilename (module.js:438:15)
    at Function.Module._load (module.js:386:25)
    at Module.require (module.js:466:17)
    at require (internal/module.js:20:19)
    at Object.<anonymous> (/Users/johnny/Documents/workspace/nodeJS/tsingkuoproject/routes/index.js:2:12)
    at Module._compile (module.js:541:32)
    at Object.Module._extensions..js (module.js:550:10)
    at Module.load (module.js:456:32)
    at tryModuleLoad (module.js:415:12)
    at Function.Module._load (module.js:407:3)

npm ERR! Darwin 16.1.0
npm ERR! argv "/usr/local/bin/node" "/usr/local/bin/npm" "start"
npm ERR! node v6.0.0
npm ERR! npm  v3.8.6
npm ERR! code ELIFECYCLE
npm ERR! tsingkuoproject@0.0.0 start: `node ./bin/www`
npm ERR! Exit status 1
npm ERR! 
npm ERR! Failed at the tsingkuoproject@0.0.0 start script 'node ./bin/www'.
npm ERR! Make sure you have the latest version of node.js and npm installed.
npm ERR! If you do, this is most likely a problem with the tsingkuoproject package,
npm ERR! not with npm itself.
npm ERR! Tell the author that this fails on your system:
npm ERR!     node ./bin/www
npm ERR! You can get information on how to open an issue for this project with:
npm ERR!     npm bugs tsingkuoproject
npm ERR! Or if that isn't available, you can get their info via:
npm ERR!     npm owner ls tsingkuoproject
npm ERR! There is likely additional logging output above.

npm ERR! Please include the following file with any support request:
npm ERR!     /Users/johnny/Documents/workspace/nodeJS/tsingkuoproject/npm-debug.log

> tsingkuoproject@0.0.0 start /Users/johnny/Documents/workspace/nodeJS/tsingkuoproject
> node ./bin/www

module.js:440
    throw err;
    ^

Error: Cannot find module 'hexo'
    at Function.Module._resolveFilename (module.js:438:15)
    at Function.Module._load (module.js:386:25)
    at Module.require (module.js:466:17)
    at require (internal/module.js:20:19)
    at Object.<anonymous> (/Users/johnny/Documents/workspace/nodeJS/tsingkuoproject/routes/index.js:2:12)
    at Module._compile (module.js:541:32)
    at Object.Module._extensions..js (module.js:550:10)
    at Module.load (module.js:456:32)
    at tryModuleLoad (module.js:415:12)
    at Function.Module._load (module.js:407:3)

npm ERR! Darwin 16.1.0
npm ERR! argv "/usr/local/bin/node" "/usr/local/bin/npm" "start"
npm ERR! node v6.0.0
npm ERR! npm  v3.8.6
npm ERR! code ELIFECYCLE
npm ERR! tsingkuoproject@0.0.0 start: `node ./bin/www`
npm ERR! Exit status 1
npm ERR! 
npm ERR! Failed at the tsingkuoproject@0.0.0 start script 'node ./bin/www'.
npm ERR! Make sure you have the latest version of node.js and npm installed.
npm ERR! If you do, this is most likely a problem with the tsingkuoproject package,
npm ERR! not with npm itself.
npm ERR! Tell the author that this fails on your system:
npm ERR!     node ./bin/www
npm ERR! You can get information on how to open an issue for this project with:
npm ERR!     npm bugs tsingkuoproject
npm ERR! Or if that isn't available, you can get their info via:
npm ERR!     npm owner ls tsingkuoproject
npm ERR! There is likely additional logging output above.

npm ERR! Please include the following file with any support request:
npm ERR!     /Users/johnny/Documents/workspace/nodeJS/tsingkuoproject/npm-debug.log
